<?xml version="1.0" encoding="UTF-8"?>
<testng-results skipped="0" failed="0" total="1" passed="1">
  <reporter-output>
  </reporter-output>
  <suite name="Default suite" duration-ms="5984" started-at="2017-11-05T09:14:37Z" finished-at="2017-11-05T09:14:43Z">
    <groups>
    </groups>
    <test name="Default test" duration-ms="5984" started-at="2017-11-05T09:14:37Z" finished-at="2017-11-05T09:14:43Z">
      <class name="yaokx_web1.FirstTestNG">
        <test-method status="PASS" signature="openChrome()[pri:0, instance:yaokx_web1.FirstTestNG@5e691263]" name="openChrome" is-config="true" duration-ms="3921" started-at="2017-11-05T17:14:37Z" finished-at="2017-11-05T17:14:41Z">
          <reporter-output>
          </reporter-output>
        </test-method> <!-- openChrome -->
        <test-method status="PASS" signature="testLogin()[pri:0, instance:yaokx_web1.FirstTestNG@5e691263]" name="testLogin" duration-ms="849" started-at="2017-11-05T17:14:41Z" finished-at="2017-11-05T17:14:41Z">
          <reporter-output>
          </reporter-output>
        </test-method> <!-- testLogin -->
        <test-method status="PASS" signature="quitChrome()[pri:0, instance:yaokx_web1.FirstTestNG@5e691263]" name="quitChrome" is-config="true" duration-ms="1201" started-at="2017-11-05T17:14:41Z" finished-at="2017-11-05T17:14:43Z">
          <reporter-output>
          </reporter-output>
        </test-method> <!-- quitChrome -->
      </class> <!-- yaokx_web1.FirstTestNG -->
    </test> <!-- Default test -->
  </suite> <!-- Default suite -->
</testng-results>
